<?xml version="1.0" encoding="UTF-8"?>
<!-- Generated by org.testng.reporters.JUnitReportReporter -->
<testsuite hostname="GN2LADTR911QVCS" failures="0" tests="1" name="RahulShettyAcademy.SeleniumFrameworkDesign.ErrorValidationTest" time="7.291" errors="0" timestamp="2024-06-18T11:57:13 IST" skipped="0">
  <testcase classname="RahulShettyAcademy.SeleniumFrameworkDesign.ErrorValidationTest" name="submitOrder" time="7.291"/>
</testsuite> <!-- RahulShettyAcademy.SeleniumFrameworkDesign.ErrorValidationTest -->
